2018-09-17 16:32:03 Error: [Cake\Database\Exception] SQLSTATE[42S02]: Base table or view not found: 1146 Table 'carpartssuppliers.tp1' doesn't exist in C:\Program Files (x86)\Ampps\www\CyrNathan_TP1\vendor\cakephp\cakephp\src\Database\Schema\Collection.php on line 131
Stack Trace:
#0 C:\Program Files (x86)\Ampps\www\CyrNathan_TP1\vendor\cakephp\cakephp\src\Database\Schema\Collection.php(97): Cake\Database\Schema\Collection->_reflect('Column', 'tp1', Array, Object(Cake\Database\Schema\TableSchema))
#1 C:\Program Files (x86)\Ampps\www\CyrNathan_TP1\vendor\cakephp\cakephp\src\Database\Schema\CachedCollection.php(63): Cake\Database\Schema\Collection->describe('tp1', Array)
#2 C:\Program Files (x86)\Ampps\www\CyrNathan_TP1\vendor\cakephp\cakephp\src\ORM\Table.php(548): Cake\Database\Schema\CachedCollection->describe('tp1')
#3 C:\Program Files (x86)\Ampps\www\CyrNathan_TP1\vendor\cakephp\cakephp\src\ORM\Table.php(673): Cake\ORM\Table->getSchema()
#4 C:\Program Files (x86)\Ampps\www\CyrNathan_TP1\vendor\cakephp\bake\src\Shell\Task\ModelTask.php(221): Cake\ORM\Table->getPrimaryKey()
#5 C:\Program Files (x86)\Ampps\www\CyrNathan_TP1\vendor\cakephp\bake\src\Shell\Task\ModelTask.php(131): Bake\Shell\Task\ModelTask->getAssociations(Object(Cake\ORM\Table))
#6 C:\Program Files (x86)\Ampps\www\CyrNathan_TP1\vendor\cakephp\bake\src\Shell\Task\ModelTask.php(114): Bake\Shell\Task\ModelTask->getTableContext(Object(Cake\ORM\Table), 'tp1', 'Tp1')
#7 C:\Program Files (x86)\Ampps\www\CyrNathan_TP1\vendor\cakephp\bake\src\Shell\Task\ModelTask.php(101): Bake\Shell\Task\ModelTask->bake('Tp1')
#8 C:\Program Files (x86)\Ampps\www\CyrNathan_TP1\vendor\cakephp\bake\src\Shell\BakeShell.php(273): Bake\Shell\Task\ModelTask->main('Tp1')
#9 C:\Program Files (x86)\Ampps\www\CyrNathan_TP1\vendor\cakephp\cakephp\src\Collection\CollectionTrait.php(51): Bake\Shell\BakeShell->Bake\Shell\{closure}('Tp1', 0)
#10 C:\Program Files (x86)\Ampps\www\CyrNathan_TP1\vendor\cakephp\bake\src\Shell\BakeShell.php(274): Cake\Collection\Collection->each(Object(Closure))
#11 C:\Program Files (x86)\Ampps\www\CyrNathan_TP1\vendor\cakephp\cakephp\src\Console\Shell.php(518): Bake\Shell\BakeShell->all('tp1')
#12 C:\Program Files (x86)\Ampps\www\CyrNathan_TP1\vendor\cakephp\cakephp\src\Console\CommandRunner.php(342): Cake\Console\Shell->runCommand(Array, true)
#13 C:\Program Files (x86)\Ampps\www\CyrNathan_TP1\vendor\cakephp\cakephp\src\Console\CommandRunner.php(164): Cake\Console\CommandRunner->runShell(Object(Bake\Shell\BakeShell), Array)
#14 C:\Program Files (x86)\Ampps\www\CyrNathan_TP1\bin\cake.php(12): Cake\Console\CommandRunner->run(Array)
#15 {main}


2018-09-17 16:42:06 Error: [Cake\Database\Exception] SQLSTATE[42S02]: Base table or view not found: 1146 Table 'carpartssuppliers.tags' doesn't exist in C:\Program Files (x86)\Ampps\www\CyrNathan_TP1\vendor\cakephp\cakephp\src\Database\Schema\Collection.php on line 131
Stack Trace:
#0 C:\Program Files (x86)\Ampps\www\CyrNathan_TP1\vendor\cakephp\cakephp\src\Database\Schema\Collection.php(97): Cake\Database\Schema\Collection->_reflect('Column', 'tags', Array, Object(Cake\Database\Schema\TableSchema))
#1 C:\Program Files (x86)\Ampps\www\CyrNathan_TP1\vendor\cakephp\cakephp\src\Database\Schema\CachedCollection.php(63): Cake\Database\Schema\Collection->describe('tags', Array)
#2 C:\Program Files (x86)\Ampps\www\CyrNathan_TP1\vendor\cakephp\cakephp\src\ORM\Table.php(548): Cake\Database\Schema\CachedCollection->describe('tags')
#3 C:\Program Files (x86)\Ampps\www\CyrNathan_TP1\vendor\cakephp\cakephp\src\ORM\Table.php(673): Cake\ORM\Table->getSchema()
#4 C:\Program Files (x86)\Ampps\www\CyrNathan_TP1\vendor\cakephp\bake\src\Shell\Task\ModelTask.php(221): Cake\ORM\Table->getPrimaryKey()
#5 C:\Program Files (x86)\Ampps\www\CyrNathan_TP1\vendor\cakephp\bake\src\Shell\Task\ModelTask.php(131): Bake\Shell\Task\ModelTask->getAssociations(Object(Cake\ORM\Table))
#6 C:\Program Files (x86)\Ampps\www\CyrNathan_TP1\vendor\cakephp\bake\src\Shell\Task\ModelTask.php(114): Bake\Shell\Task\ModelTask->getTableContext(Object(Cake\ORM\Table), 'tags', 'Tags')
#7 C:\Program Files (x86)\Ampps\www\CyrNathan_TP1\vendor\cakephp\bake\src\Shell\Task\ModelTask.php(101): Bake\Shell\Task\ModelTask->bake('Tags')
#8 C:\Program Files (x86)\Ampps\www\CyrNathan_TP1\vendor\cakephp\bake\src\Shell\BakeShell.php(273): Bake\Shell\Task\ModelTask->main('Tags')
#9 C:\Program Files (x86)\Ampps\www\CyrNathan_TP1\vendor\cakephp\cakephp\src\Collection\CollectionTrait.php(51): Bake\Shell\BakeShell->Bake\Shell\{closure}('Tags', 0)
#10 C:\Program Files (x86)\Ampps\www\CyrNathan_TP1\vendor\cakephp\bake\src\Shell\BakeShell.php(274): Cake\Collection\Collection->each(Object(Closure))
#11 C:\Program Files (x86)\Ampps\www\CyrNathan_TP1\vendor\cakephp\cakephp\src\Console\Shell.php(518): Bake\Shell\BakeShell->all('tags')
#12 C:\Program Files (x86)\Ampps\www\CyrNathan_TP1\vendor\cakephp\cakephp\src\Console\CommandRunner.php(342): Cake\Console\Shell->runCommand(Array, true)
#13 C:\Program Files (x86)\Ampps\www\CyrNathan_TP1\vendor\cakephp\cakephp\src\Console\CommandRunner.php(164): Cake\Console\CommandRunner->runShell(Object(Bake\Shell\BakeShell), Array)
#14 C:\Program Files (x86)\Ampps\www\CyrNathan_TP1\bin\cake.php(12): Cake\Console\CommandRunner->run(Array)
#15 {main}


2018-10-10 17:42:16 Error: [RuntimeException] Unknown command `cake i1n`. Run `cake --help` to get the list of valid commands. in C:\Program Files (x86)\Ampps\www\CyrNathan_TP1\vendor\cakephp\cakephp\src\Console\CommandRunner.php on line 321
Stack Trace:
#0 C:\Program Files (x86)\Ampps\www\CyrNathan_TP1\vendor\cakephp\cakephp\src\Console\CommandRunner.php(159): Cake\Console\CommandRunner->resolveName(Object(Cake\Console\CommandCollection), Object(Cake\Console\ConsoleIo), 'i1n')
#1 C:\Program Files (x86)\Ampps\www\CyrNathan_TP1\bin\cake.php(12): Cake\Console\CommandRunner->run(Array)
#2 {main}


